Sandbox logs:
{
  "sandboxLog": "",
  "lambdaLog": "traderData: \nObservations: (plainValueObservations: {}, conversionObservations: {})",
  "timestamp": 0
}
{
  "sandboxLog": "",
  "lambdaLog": "traderData: Hamish-Test\nObservations: (plainValueObservations: {}, conversionObservations: {})",
  "timestamp": 100
}
{
  "sandboxLog": "",
  "lambdaLog": "traderData: Hamish-Test\nObservations: (plainValueObservations: {}, conversionObservations: {})",
  "timestamp": 200
}
{
  "sandboxLog": "",
  "lambdaLog": "traderData: Hamish-Test\nObservations: (plainValueObservations: {}, conversionObservations: {})",
  "timestamp": 300
}
{
  "sandboxLog": "",
  "lambdaLog": "traderData: Hamish-Test\nObservations: (plainValueObservations: {}, conversionObservations: {})",
  "timestamp": 400
}
{
  "sandboxLog": "",
  "lambdaLog": "traderData: Hamish-Test\nObservations: (plainValueObservations: {}, conversionObservations: {})",
  "timestamp": 500
}
{
  "sandboxLog": "",
  "lambdaLog": "traderData: Hamish-Test\nObservations: (plainValueObservations: {}, conversionObservations: {})",
  "timestamp": 600
}
{
  "sandboxLog": "",
  "lambdaLog": "traderData: Hamish-Test\nObservations: (plainValueObservations: {}, conversionObservations: {})",
  "timestamp": 700
}
{
  "sandboxLog": "",
  "lambdaLog": "traderData: Hamish-Test\nObservations: (plainValueObservations: {}, conversionObservations: {})",
  "timestamp": 800
}
{
  "sandboxLog": "",
  "lambdaLog": "traderData: Hamish-Test\nObservations: (plainValueObservations: {}, conversionObservations: {})",
  "timestamp": 900
}
{
  "sandboxLog": "",
  "lambdaLog": "traderData: Hamish-Test\nObservations: (plainValueObservations: {}, conversionObservations: {})",
  "timestamp": 1000
}
{
  "sandboxLog": "",
  "lambdaLog": "traderData: Hamish-Test\nObservations: (plainValueObservations: {}, conversionObservations: {})",
  "timestamp": 1100
}
{
  "sandboxLog": "",
  "lambdaLog": "traderData: Hamish-Test\nObservations: (plainValueObservations: {}, conversionObservations: {})",
  "timestamp": 1200
}
{
  "sandboxLog": "",
  "lambdaLog": "traderData: Hamish-Test\nObservations: (plainValueObservations: {}, conversionObservations: {})",
  "timestamp": 1300
}
{
  "sandboxLog": "",
  "lambdaLog": "traderData: Hamish-Test\nObservations: (plainValueObservations: {}, conversionObservations: {})",
  "timestamp": 1400
}
{
  "sandboxLog": "",
  "lambdaLog": "traderData: Hamish-Test\nObservations: (plainValueObservations: {}, conversionObservations: {})",
  "timestamp": 1500
}
{
  "sandboxLog": "",
  "lambdaLog": "traderData: Hamish-Test\nObservations: (plainValueObservations: {}, conversionObservations: {})",
  "timestamp": 1600
}
{
  "sandboxLog": "",
  "lambdaLog": "traderData: Hamish-Test\nObservations: (plainValueObservations: {}, conversionObservations: {})",
  "timestamp": 1700
}
{
  "sandboxLog": "",
  "lambdaLog": "traderData: Hamish-Test\nObservations: (plainValueObservations: {}, conversionObservations: {})",
  "timestamp": 1800
}
{
  "sandboxLog": "",
  "lambdaLog": "traderData: Hamish-Test\nObservations: (plainValueObservations: {}, conversionObservations: {})",
  "timestamp": 1900
}
{
  "sandboxLog": "",
  "lambdaLog": "traderData: Hamish-Test\nObservations: (plainValueObservations: {}, conversionObservations: {})",
  "timestamp": 2000
}
{
  "sandboxLog": "",
  "lambdaLog": "traderData: Hamish-Test\nObservations: (plainValueObservations: {}, conversionObservations: {})",
  "timestamp": 2100
}
{
  "sandboxLog": "",
  "lambdaLog": "traderData: Hamish-Test\nObservations: (plainValueObservations: {}, conversionObservations: {})",
  "timestamp": 2200
}
{
  "sandboxLog": "",
  "lambdaLog": "traderData: Hamish-Test\nObservations: (plainValueObservations: {}, conversionObservations: {})",
  "timestamp": 2300
}
{
  "sandboxLog": "",
  "lambdaLog": "traderData: Hamish-Test\nObservations: (plainValueObservations: {}, conversionObservations: {})",
  "timestamp": 2400
}
{
  "sandboxLog": "",
  "lambdaLog": "traderData: Hamish-Test\nObservations: (plainValueObservations: {}, conversionObservations: {})",
  "timestamp": 2500
}
{
  "sandboxLog": "",
  "lambdaLog": "traderData: Hamish-Test\nObservations: (plainValueObservations: {}, conversionObservations: {})",
  "timestamp": 2600
}
{
  "sandboxLog": "",
  "lambdaLog": "traderData: Hamish-Test\nObservations: (plainValueObservations: {}, conversionObservations: {})",
  "timestamp": 2700
}
{
  "sandboxLog": "",
  "lambdaLog": "traderData: Hamish-Test\nObservations: (plainValueObservations: {}, conversionObservations: {})",
  "timestamp": 2800
}
{
  "sandboxLog": "",
  "lambdaLog": "traderData: Hamish-Test\nObservations: (plainValueObservations: {}, conversionObservations: {})",
  "timestamp": 2900
}
{
  "sandboxLog": "",
  "lambdaLog": "traderData: Hamish-Test\nObservations: (plainValueObservations: {}, conversionObservations: {})",
  "timestamp": 3000
}
{
  "sandboxLog": "",
  "lambdaLog": "traderData: Hamish-Test\nObservations: (plainValueObservations: {}, conversionObservations: {})",
  "timestamp": 3100
}
{
  "sandboxLog": "",
  "lambdaLog": "traderData: Hamish-Test\nObservations: (plainValueObservations: {}, conversionObservations: {})",
  "timestamp": 3200
}
{
  "sandboxLog": "",
  "lambdaLog": "traderData: Hamish-Test\nObservations: (plainValueObservations: {}, conversionObservations: {})",
  "timestamp": 3300
}
{
  "sandboxLog": "",
  "lambdaLog": "traderData: Hamish-Test\nObservations: (plainValueObservations: {}, conversionObservations: {})",
  "timestamp": 3400
}
{
  "sandboxLog": "",
  "lambdaLog": "traderData: Hamish-Test\nObservations: (plainValueObservations: {}, conversionObservations: {})",
  "timestamp": 3500
}
{
  "sandboxLog": "",
  "lambdaLog": "traderData: Hamish-Test\nObservations: (plainValueObservations: {}, conversionObservations: {})",
  "timestamp": 3600
}
{
  "sandboxLog": "",
  "lambdaLog": "traderData: Hamish-Test\nObservations: (plainValueObservations: {}, conversionObservations: {})",
  "timestamp": 3700
}
{
  "sandboxLog": "",
  "lambdaLog": "traderData: Hamish-Test\nObservations: (plainValueObservations: {}, conversionObservations: {})",
  "timestamp": 3800
}
{
  "sandboxLog": "",
  "lambdaLog": "traderData: Hamish-Test\nObservations: (plainValueObservations: {}, conversionObservations: {})",
  "timestamp": 3900
}
{
  "sandboxLog": "",
  "lambdaLog": "traderData: Hamish-Test\nObservations: (plainValueObservations: {}, conversionObservations: {})",
  "timestamp": 4000
}
{
  "sandboxLog": "",
  "lambdaLog": "traderData: Hamish-Test\nObservations: (plainValueObservations: {}, conversionObservations: {})",
  "timestamp": 4100
}
{
  "sandboxLog": "",
  "lambdaLog": "traderData: Hamish-Test\nObservations: (plainValueObservations: {}, conversionObservations: {})",
  "timestamp": 4200
}
{
  "sandboxLog": "",
  "lambdaLog": "traderData: Hamish-Test\nObservations: (plainValueObservations: {}, conversionObservations: {})",
  "timestamp": 4300
}
{
  "sandboxLog": "",
  "lambdaLog": "traderData: Hamish-Test\nObservations: (plainValueObservations: {}, conversionObservations: {})",
  "timestamp": 4400
}
{
  "sandboxLog": "",
  "lambdaLog": "traderData: Hamish-Test\nObservations: (plainValueObservations: {}, conversionObservations: {})",
  "timestamp": 4500
}
{
  "sandboxLog": "",
  "lambdaLog": "traderData: Hamish-Test\nObservations: (plainValueObservations: {}, conversionObservations: {})",
  "timestamp": 4600
}
{
  "sandboxLog": "",
  "lambdaLog": "traderData: Hamish-Test\nObservations: (plainValueObservations: {}, conversionObservations: {})",
  "timestamp": 4700
}
{
  "sandboxLog": "",
  "lambdaLog": "traderData: Hamish-Test\nObservations: (plainValueObservations: {}, conversionObservations: {})",
  "timestamp": 4800
}
{
  "sandboxLog": "Result delivered by Trader are not correct. Value is {\"Orders\":{\"KELP\":null,\"RAINFOREST_RESIN\":[],\"SQUID_INK\":null},\"Conversion\":1,\"TraderData\":\"Hamish-Test\"}",
  "lambdaLog": "Result delivered by Trader are not correct. Value is {\"Orders\":{\"KELP\":null,\"RAINFOREST_RESIN\":[],\"SQUID_INK\":null},\"Conversion\":1,\"TraderData\":\"Hamish-Test\"}",
  "timestamp": 4900
}
{
  "sandboxLog": "Result delivered by Trader are not correct. Value is {\"Orders\":{\"KELP\":null,\"RAINFOREST_RESIN\":[],\"SQUID_INK\":null},\"Conversion\":1,\"TraderData\":\"Hamish-Test\"}",
  "lambdaLog": "Result delivered by Trader are not correct. Value is {\"Orders\":{\"KELP\":null,\"RAINFOREST_RESIN\":[],\"SQUID_INK\":null},\"Conversion\":1,\"TraderData\":\"Hamish-Test\"}",
  "timestamp": 5000
}
{
  "sandboxLog": "Result delivered by Trader are not correct. Value is {\"Orders\":{\"KELP\":null,\"RAINFOREST_RESIN\":[],\"SQUID_INK\":[{\"symbol\":\"SQUID_INK\",\"price\":1974,\"quantity\":32}]},\"Conversion\":1,\"TraderData\":\"Hamish-Test\"}",
  "lambdaLog": "Result delivered by Trader are not correct. Value is {\"Orders\":{\"KELP\":null,\"RAINFOREST_RESIN\":[],\"SQUID_INK\":[{\"symbol\":\"SQUID_INK\",\"price\":1974,\"quantity\":32}]},\"Conversion\":1,\"TraderData\":\"Hamish-Test\"}",
  "timestamp": 5100
}
{
  "sandboxLog": "Result delivered by Trader are not correct. Value is {\"Orders\":{\"KELP\":null,\"RAINFOREST_RESIN\":[],\"SQUID_INK\":[{\"symbol\":\"SQUID_INK\",\"price\":1974,\"quantity\":32}]},\"Conversion\":1,\"TraderData\":\"Hamish-Test\"}",
  "lambdaLog": "Result delivered by Trader are not correct. Value is {\"Orders\":{\"KELP\":null,\"RAINFOREST_RESIN\":[],\"SQUID_INK\":[{\"symbol\":\"SQUID_INK\",\"price\":1974,\"quantity\":32}]},\"Conversion\":1,\"TraderData\":\"Hamish-Test\"}",
  "timestamp": 5200
}
{
  "sandboxLog": "Result delivered by Trader are not correct. Value is {\"Orders\":{\"KELP\":null,\"RAINFOREST_RESIN\":[],\"SQUID_INK\":[{\"symbol\":\"SQUID_INK\",\"price\":1974,\"quantity\":50}]},\"Conversion\":1,\"TraderData\":\"Hamish-Test\"}",
  "lambdaLog": "Result delivered by Trader are not correct. Value is {\"Orders\":{\"KELP\":null,\"RAINFOREST_RESIN\":[],\"SQUID_INK\":[{\"symbol\":\"SQUID_INK\",\"price\":1974,\"quantity\":50}]},\"Conversion\":1,\"TraderData\":\"Hamish-Test\"}",
  "timestamp": 5300
}
{
  "sandboxLog": "Result delivered by Trader are not correct. Value is {\"Orders\":{\"KELP\":null,\"RAINFOREST_RESIN\":[],\"SQUID_INK\":[{\"symbol\":\"SQUID_INK\",\"price\":1974,\"quantity\":50}]},\"Conversion\":1,\"TraderData\":\"Hamish-Test\"}",
  "lambdaLog": "Result delivered by Trader are not correct. Value is {\"Orders\":{\"KELP\":null,\"RAINFOREST_RESIN\":[],\"SQUID_INK\":[{\"symbol\":\"SQUID_INK\",\"price\":1974,\"quantity\":50}]},\"Conversion\":1,\"TraderData\":\"Hamish-Test\"}",
  "timestamp": 5400
}
{
  "sandboxLog": "Result delivered by Trader are not correct. Value is {\"Orders\":{\"KELP\":null,\"RAINFOREST_RESIN\":[],\"SQUID_INK\":[{\"symbol\":\"SQUID_INK\",\"price\":1974,\"quantity\":50}]},\"Conversion\":1,\"TraderData\":\"Hamish-Test\"}",
  "lambdaLog": "Result delivered by Trader are not correct. Value is {\"Orders\":{\"KELP\":null,\"RAINFOREST_RESIN\":[],\"SQUID_INK\":[{\"symbol\":\"SQUID_INK\",\"price\":1974,\"quantity\":50}]},\"Conversion\":1,\"TraderData\":\"Hamish-Test\"}",
  "timestamp": 5500
}
{
  "sandboxLog": "Result delivered by Trader are not correct. Value is {\"Orders\":{\"KELP\":null,\"RAINFOREST_RESIN\":[],\"SQUID_INK\":[{\"symbol\":\"SQUID_INK\",\"price\":1974,\"quantity\":50}]},\"Conversion\":1,\"TraderData\":\"Hamish-Test\"}",
  "lambdaLog": "Result delivered by Trader are not correct. Value is {\"Orders\":{\"KELP\":null,\"RAINFOREST_RESIN\":[],\"SQUID_INK\":[{\"symbol\":\"SQUID_INK\",\"price\":1974,\"quantity\":50}]},\"Conversion\":1,\"TraderData\":\"Hamish-Test\"}",
  "timestamp": 5600
}
{
  "sandboxLog": "Result delivered by Trader are not correct. Value is {\"Orders\":{\"KELP\":null,\"RAINFOREST_RESIN\":[],\"SQUID_INK\":[{\"symbol\":\"SQUID_INK\",\"price\":1974,\"quantity\":50}]},\"Conversion\":1,\"TraderData\":\"Hamish-Test\"}",
  "lambdaLog": "Result delivered by Trader are not correct. Value is {\"Orders\":{\"KELP\":null,\"RAINFOREST_RESIN\":[],\"SQUID_INK\":[{\"symbol\":\"SQUID_INK\",\"price\":1974,\"quantity\":50}]},\"Conversion\":1,\"TraderData\":\"Hamish-Test\"}",
  "timestamp": 5700
}
{
  "sandboxLog": "Result delivered by Trader are not correct. Value is {\"Orders\":{\"KELP\":null,\"RAINFOREST_RESIN\":[],\"SQUID_INK\":[{\"symbol\":\"SQUID_INK\",\"price\":1974,\"quantity\":50}]},\"Conversion\":1,\"TraderData\":\"Hamish-Test\"}",
  "lambdaLog": "Result delivered by Trader are not correct. Value is {\"Orders\":{\"KELP\":null,\"RAINFOREST_RESIN\":[],\"SQUID_INK\":[{\"symbol\":\"SQUID_INK\",\"price\":1974,\"quantity\":50}]},\"Conversion\":1,\"TraderData\":\"Hamish-Test\"}",
  "timestamp": 5800
}
{
  "sandboxLog": "Result delivered by Trader are not correct. Value is {\"Orders\":{\"KELP\":null,\"RAINFOREST_RESIN\":[],\"SQUID_INK\":[{\"symbol\":\"SQUID_INK\",\"price\":1974,\"quantity\":50}]},\"Conversion\":1,\"TraderData\":\"Hamish-Test\"}",
  "lambdaLog": "Result delivered by Trader are not correct. Value is {\"Orders\":{\"KELP\":null,\"RAINFOREST_RESIN\":[],\"SQUID_INK\":[{\"symbol\":\"SQUID_INK\",\"price\":1974,\"quantity\":50}]},\"Conversion\":1,\"TraderData\":\"Hamish-Test\"}",
  "timestamp": 5900
}
{
  "sandboxLog": "Result delivered by Trader are not correct. Value is {\"Orders\":{\"KELP\":null,\"RAINFOREST_RESIN\":[],\"SQUID_INK\":null},\"Conversion\":1,\"TraderData\":\"Hamish-Test\"}",
  "lambdaLog": "Result delivered by Trader are not correct. Value is {\"Orders\":{\"KELP\":null,\"RAINFOREST_RESIN\":[],\"SQUID_INK\":null},\"Conversion\":1,\"TraderData\":\"Hamish-Test\"}",
  "timestamp": 6000
}
{
  "sandboxLog": "Result delivered by Trader are not correct. Value is {\"Orders\":{\"KELP\":null,\"RAINFOREST_RESIN\":[],\"SQUID_INK\":null},\"Conversion\":1,\"TraderData\":\"Hamish-Test\"}",
  "lambdaLog": "Result delivered by Trader are not correct. Value is {\"Orders\":{\"KELP\":null,\"RAINFOREST_RESIN\":[],\"SQUID_INK\":null},\"Conversion\":1,\"TraderData\":\"Hamish-Test\"}",
  "timestamp": 6100
}
{
  "sandboxLog": "Result delivered by Trader are not correct. Value is {\"Orders\":{\"KELP\":null,\"RAINFOREST_RESIN\":[],\"SQUID_INK\":null},\"Conversion\":1,\"TraderData\":\"Hamish-Test\"}",
  "lambdaLog": "Result delivered by Trader are not correct. Value is {\"Orders\":{\"KELP\":null,\"RAINFOREST_RESIN\":[],\"SQUID_INK\":null},\"Conversion\":1,\"TraderData\":\"Hamish-Test\"}",
  "timestamp": 6200
}
{
  "sandboxLog": "Result delivered by Trader are not correct. Value is {\"Orders\":{\"KELP\":null,\"RAINFOREST_RESIN\":[],\"SQUID_INK\":null},\"Conversion\":1,\"TraderData\":\"Hamish-Test\"}",
  "lambdaLog": "Result delivered by Trader are not correct. Value is {\"Orders\":{\"KELP\":null,\"RAINFOREST_RESIN\":[],\"SQUID_INK\":null},\"Conversion\":1,\"TraderData\":\"Hamish-Test\"}",
  "timestamp": 6300
}
{
  "sandboxLog": "Result delivered by Trader are not correct. Value is {\"Orders\":{\"KELP\":null,\"RAINFOREST_RESIN\":[],\"SQUID_INK\":null},\"Conversion\":1,\"TraderData\":\"Hamish-Test\"}",
  "lambdaLog": "Result delivered by Trader are not correct. Value is {\"Orders\":{\"KELP\":null,\"RAINFOREST_RESIN\":[],\"SQUID_INK\":null},\"Conversion\":1,\"TraderData\":\"Hamish-Test\"}",
  "timestamp": 6400
}
{
  "sandboxLog": "Result delivered by Trader are not correct. Value is {\"Orders\":{\"KELP\":null,\"RAINFOREST_RESIN\":[],\"SQUID_INK\":null},\"Conversion\":1,\"TraderData\":\"Hamish-Test\"}",
  "lambdaLog": "Result delivered by Trader are not correct. Value is {\"Orders\":{\"KELP\":null,\"RAINFOREST_RESIN\":[],\"SQUID_INK\":null},\"Conversion\":1,\"TraderData\":\"Hamish-Test\"}",
  "timestamp": 6500
}
{
  "sandboxLog": "Result delivered by Trader are not correct. Value is {\"Orders\":{\"KELP\":null,\"RAINFOREST_RESIN\":[],\"SQUID_INK\":null},\"Conversion\":1,\"TraderData\":\"Hamish-Test\"}",
  "lambdaLog": "Result delivered by Trader are not correct. Value is {\"Orders\":{\"KELP\":null,\"RAINFOREST_RESIN\":[],\"SQUID_INK\":null},\"Conversion\":1,\"TraderData\":\"Hamish-Test\"}",
  "timestamp": 6600
}
{
  "sandboxLog": "Result delivered by Trader are not correct. Value is {\"Orders\":{\"KELP\":null,\"RAINFOREST_RESIN\":[],\"SQUID_INK\":null},\"Conversion\":1,\"TraderData\":\"Hamish-Test\"}",
  "lambdaLog": "Result delivered by Trader are not correct. Value is {\"Orders\":{\"KELP\":null,\"RAINFOREST_RESIN\":[],\"SQUID_INK\":null},\"Conversion\":1,\"TraderData\":\"Hamish-Test\"}",
  "timestamp": 6700
}
{
  "sandboxLog": "Result delivered by Trader are not correct. Value is {\"Orders\":{\"KELP\":null,\"RAINFOREST_RESIN\":[],\"SQUID_INK\":null},\"Conversion\":1,\"TraderData\":\"Hamish-Test\"}",
  "lambdaLog": "Result delivered by Trader are not correct. Value is {\"Orders\":{\"KELP\":null,\"RAINFOREST_RESIN\":[],\"SQUID_INK\":null},\"Conversion\":1,\"TraderData\":\"Hamish-Test\"}",
  "timestamp": 6800
}
{
  "sandboxLog": "Result delivered by Trader are not correct. Value is {\"Orders\":{\"KELP\":null,\"RAINFOREST_RESIN\":[],\"SQUID_INK\":null},\"Conversion\":1,\"TraderData\":\"Hamish-Test\"}",
  "lambdaLog": "Result delivered by Trader are not correct. Value is {\"Orders\":{\"KELP\":null,\"RAINFOREST_RESIN\":[],\"SQUID_INK\":null},\"Conversion\":1,\"TraderData\":\"Hamish-Test\"}",
  "timestamp": 6900
}
{
  "sandboxLog": "Result delivered by Trader are not correct. Value is {\"Orders\":{\"KELP\":null,\"RAINFOREST_RESIN\":[],\"SQUID_INK\":null},\"Conversion\":1,\"TraderData\":\"Hamish-Test\"}",
  "lambdaLog": "Result delivered by Trader are not correct. Value is {\"Orders\":{\"KELP\":null,\"RAINFOREST_RESIN\":[],\"SQUID_INK\":null},\"Conversion\":1,\"TraderData\":\"Hamish-Test\"}",
  "timestamp": 7000
}
{
  "sandboxLog": "Result delivered by Trader are not correct. Value is {\"Orders\":{\"KELP\":null,\"RAINFOREST_RESIN\":[],\"SQUID_INK\":null},\"Conversion\":1,\"TraderData\":\"Hamish-Test\"}",
  "lambdaLog": "Result delivered by Trader are not correct. Value is {\"Orders\":{\"KELP\":null,\"RAINFOREST_RESIN\":[],\"SQUID_INK\":null},\"Conversion\":1,\"TraderData\":\"Hamish-Test\"}",
  "timestamp": 7100
}
{
  "sandboxLog": "Result delivered by Trader are not correct. Value is {\"Orders\":{\"KELP\":null,\"RAINFOREST_RESIN\":[],\"SQUID_INK\":null},\"Conversion\":1,\"TraderData\":\"Hamish-Test\"}",
  "lambdaLog": "Result delivered by Trader are not correct. Value is {\"Orders\":{\"KELP\":null,\"RAINFOREST_RESIN\":[],\"SQUID_INK\":null},\"Conversion\":1,\"TraderData\":\"Hamish-Test\"}",
  "timestamp": 7200
}
{
  "sandboxLog": "Result delivered by Trader are not correct. Value is {\"Orders\":{\"KELP\":null,\"RAINFOREST_RESIN\":[],\"SQUID_INK\":null},\"Conversion\":1,\"TraderData\":\"Hamish-Test\"}",
  "lambdaLog": "Result delivered by Trader are not correct. Value is {\"Orders\":{\"KELP\":null,\"RAINFOREST_RESIN\":[],\"SQUID_INK\":null},\"Conversion\":1,\"TraderData\":\"Hamish-Test\"}",
  "timestamp": 7300
}
{
  "sandboxLog": "Result delivered by Trader are not correct. Value is {\"Orders\":{\"KELP\":null,\"RAINFOREST_RESIN\":[],\"SQUID_INK\":null},\"Conversion\":1,\"TraderData\":\"Hamish-Test\"}",
  "lambdaLog": "Result delivered by Trader are not correct. Value is {\"Orders\":{\"KELP\":null,\"RAINFOREST_RESIN\":[],\"SQUID_INK\":null},\"Conversion\":1,\"TraderData\":\"Hamish-Test\"}",
  "timestamp": 7400
}
{
  "sandboxLog": "Result delivered by Trader are not correct. Value is {\"Orders\":{\"KELP\":null,\"RAINFOREST_RESIN\":[],\"SQUID_INK\":null},\"Conversion\":1,\"TraderData\":\"Hamish-Test\"}",
  "lambdaLog": "Result delivered by Trader are not correct. Value is {\"Orders\":{\"KELP\":null,\"RAINFOREST_RESIN\":[],\"SQUID_INK\":null},\"Conversion\":1,\"TraderData\":\"Hamish-Test\"}",
  "timestamp": 7500
}
{
  "sandboxLog": "Result delivered by Trader are not correct. Value is {\"Orders\":{\"KELP\":null,\"RAINFOREST_RESIN\":[],\"SQUID_INK\":null},\"Conversion\":1,\"TraderData\":\"Hamish-Test\"}",
  "lambdaLog": "Result delivered by Trader are not correct. Value is {\"Orders\":{\"KELP\":null,\"RAINFOREST_RESIN\":[],\"SQUID_INK\":null},\"Conversion\":1,\"TraderData\":\"Hamish-Test\"}",
  "timestamp": 7600
}
{
  "sandboxLog": "Result delivered by Trader are not correct. Value is {\"Orders\":{\"KELP\":null,\"RAINFOREST_RESIN\":[],\"SQUID_INK\":null},\"Conversion\":1,\"TraderData\":\"Hamish-Test\"}",
  "lambdaLog": "Result delivered by Trader are not correct. Value is {\"Orders\":{\"KELP\":null,\"RAINFOREST_RESIN\":[],\"SQUID_INK\":null},\"Conversion\":1,\"TraderData\":\"Hamish-Test\"}",
  "timestamp": 7700
}
{
  "sandboxLog": "Result delivered by Trader are not correct. Value is {\"Orders\":{\"KELP\":null,\"RAINFOREST_RESIN\":[],\"SQUID_INK\":null},\"Conversion\":1,\"TraderData\":\"Hamish-Test\"}",
  "lambdaLog": "Result delivered by Trader are not correct. Value is {\"Orders\":{\"KELP\":null,\"RAINFOREST_RESIN\":[],\"SQUID_INK\":null},\"Conversion\":1,\"TraderData\":\"Hamish-Test\"}",
  "timestamp": 7800
}
{
  "sandboxLog": "Result delivered by Trader are not correct. Value is {\"Orders\":{\"KELP\":null,\"RAINFOREST_RESIN\":[],\"SQUID_INK\":null},\"Conversion\":1,\"TraderData\":\"Hamish-Test\"}",
  "lambdaLog": "Result delivered by Trader are not correct. Value is {\"Orders\":{\"KELP\":null,\"RAINFOREST_RESIN\":[],\"SQUID_INK\":null},\"Conversion\":1,\"TraderData\":\"Hamish-Test\"}",
  "timestamp": 7900
}
{
  "sandboxLog": "Result delivered by Trader are not correct. Value is {\"Orders\":{\"KELP\":null,\"RAINFOREST_RESIN\":[],\"SQUID_INK\":null},\"Conversion\":1,\"TraderData\":\"Hamish-Test\"}",
  "lambdaLog": "Result delivered by Trader are not correct. Value is {\"Orders\":{\"KELP\":null,\"RAINFOREST_RESIN\":[],\"SQUID_INK\":null},\"Conversion\":1,\"TraderData\":\"Hamish-Test\"}",
  "timestamp": 8000
}
{
  "sandboxLog": "Result delivered by Trader are not correct. Value is {\"Orders\":{\"KELP\":null,\"RAINFOREST_RESIN\":[],\"SQUID_INK\":null},\"Conversion\":1,\"TraderData\":\"Hamish-Test\"}",
  "lambdaLog": "Result delivered by Trader are not correct. Value is {\"Orders\":{\"KELP\":null,\"RAINFOREST_RESIN\":[],\"SQUID_INK\":null},\"Conversion\":1,\"TraderData\":\"Hamish-Test\"}",
  "timestamp": 8100
}
{
  "sandboxLog": "Result delivered by Trader are not correct. Value is {\"Orders\":{\"KELP\":null,\"RAINFOREST_RESIN\":[],\"SQUID_INK\":null},\"Conversion\":1,\"TraderData\":\"Hamish-Test\"}",
  "lambdaLog": "Result delivered by Trader are not correct. Value is {\"Orders\":{\"KELP\":null,\"RAINFOREST_RESIN\":[],\"SQUID_INK\":null},\"Conversion\":1,\"TraderData\":\"Hamish-Test\"}",
  "timestamp": 8200
}
{
  "sandboxLog": "Result delivered by Trader are not correct. Value is {\"Orders\":{\"KELP\":null,\"RAINFOREST_RESIN\":[],\"SQUID_INK\":null},\"Conversion\":1,\"TraderData\":\"Hamish-Test\"}",
  "lambdaLog": "Result delivered by Trader are not correct. Value is {\"Orders\":{\"KELP\":null,\"RAINFOREST_RESIN\":[],\"SQUID_INK\":null},\"Conversion\":1,\"TraderData\":\"Hamish-Test\"}",
  "timestamp": 8300
}
{
  "sandboxLog": "Result delivered by Trader are not correct. Value is {\"Orders\":{\"KELP\":null,\"RAINFOREST_RESIN\":[],\"SQUID_INK\":null},\"Conversion\":1,\"TraderData\":\"Hamish-Test\"}",
  "lambdaLog": "Result delivered by Trader are not correct. Value is {\"Orders\":{\"KELP\":null,\"RAINFOREST_RESIN\":[],\"SQUID_INK\":null},\"Conversion\":1,\"TraderData\":\"Hamish-Test\"}",
  "timestamp": 8400
}
{
  "sandboxLog": "Result delivered by Trader are not correct. Value is {\"Orders\":{\"KELP\":null,\"RAINFOREST_RESIN\":[],\"SQUID_INK\":null},\"Conversion\":1,\"TraderData\":\"Hamish-Test\"}",
  "lambdaLog": "Result delivered by Trader are not correct. Value is {\"Orders\":{\"KELP\":null,\"RAINFOREST_RESIN\":[],\"SQUID_INK\":null},\"Conversion\":1,\"TraderData\":\"Hamish-Test\"}",
  "timestamp": 8500
}
{
  "sandboxLog": "Result delivered by Trader are not correct. Value is {\"Orders\":{\"KELP\":null,\"RAINFOREST_RESIN\":[],\"SQUID_INK\":null},\"Conversion\":1,\"TraderData\":\"Hamish-Test\"}",
  "lambdaLog": "Result delivered by Trader are not correct. Value is {\"Orders\":{\"KELP\":null,\"RAINFOREST_RESIN\":[],\"SQUID_INK\":null},\"Conversion\":1,\"TraderData\":\"Hamish-Test\"}",
  "timestamp": 8600
}
{
  "sandboxLog": "Result delivered by Trader are not correct. Value is {\"Orders\":{\"KELP\":null,\"RAINFOREST_RESIN\":[],\"SQUID_INK\":null},\"Conversion\":1,\"TraderData\":\"Hamish-Test\"}",
  "lambdaLog": "Result delivered by Trader are not correct. Value is {\"Orders\":{\"KELP\":null,\"RAINFOREST_RESIN\":[],\"SQUID_INK\":null},\"Conversion\":1,\"TraderData\":\"Hamish-Test\"}",
  "timestamp": 8700
}
{
  "sandboxLog": "Result delivered by Trader are not correct. Value is {\"Orders\":{\"KELP\":null,\"RAINFOREST_RESIN\":[],\"SQUID_INK\":null},\"Conversion\":1,\"TraderData\":\"Hamish-Test\"}",
  "lambdaLog": "Result delivered by Trader are not correct. Value is {\"Orders\":{\"KELP\":null,\"RAINFOREST_RESIN\":[],\"SQUID_INK\":null},\"Conversion\":1,\"TraderData\":\"Hamish-Test\"}",
  "timestamp": 8800
}
{
  "sandboxLog": "Result delivered by Trader are not correct. Value is {\"Orders\":{\"KELP\":null,\"RAINFOREST_RESIN\":[],\"SQUID_INK\":null},\"Conversion\":1,\"TraderData\":\"Hamish-Test\"}",
  "lambdaLog": "Result delivered by Trader are not correct. Value is {\"Orders\":{\"KELP\":null,\"RAINFOREST_RESIN\":[],\"SQUID_INK\":null},\"Conversion\":1,\"TraderData\":\"Hamish-Test\"}",
  "timestamp": 8900
}
{
  "sandboxLog": "Result delivered by Trader are not correct. Value is {\"Orders\":{\"KELP\":null,\"RAINFOREST_RESIN\":[],\"SQUID_INK\":null},\"Conversion\":1,\"TraderData\":\"Hamish-Test\"}",
  "lambdaLog": "Result delivered by Trader are not correct. Value is {\"Orders\":{\"KELP\":null,\"RAINFOREST_RESIN\":[],\"SQUID_INK\":null},\"Conversion\":1,\"TraderData\":\"Hamish-Test\"}",
  "timestamp": 9000
}
{
  "sandboxLog": "Result delivered by Trader are not correct. Value is {\"Orders\":{\"KELP\":null,\"RAINFOREST_RESIN\":[],\"SQUID_INK\":null},\"Conversion\":1,\"TraderData\":\"Hamish-Test\"}",
  "lambdaLog": "Result delivered by Trader are not correct. Value is {\"Orders\":{\"KELP\":null,\"RAINFOREST_RESIN\":[],\"SQUID_INK\":null},\"Conversion\":1,\"TraderData\":\"Hamish-Test\"}",
  "timestamp": 9100
}
{
  "sandboxLog": "Result delivered by Trader are not correct. Value is {\"Orders\":{\"KELP\":null,\"RAINFOREST_RESIN\":[],\"SQUID_INK\":null},\"Conversion\":1,\"TraderData\":\"Hamish-Test\"}",
  "lambdaLog": "Result delivered by Trader are not correct. Value is {\"Orders\":{\"KELP\":null,\"RAINFOREST_RESIN\":[],\"SQUID_INK\":null},\"Conversion\":1,\"TraderData\":\"Hamish-Test\"}",
  "timestamp": 9200
}
{
  "sandboxLog": "Result delivered by Trader are not correct. Value is {\"Orders\":{\"KELP\":null,\"RAINFOREST_RESIN\":[],\"SQUID_INK\":null},\"Conversion\":1,\"TraderData\":\"Hamish-Test\"}",
  "lambdaLog": "Result delivered by Trader are not correct. Value is {\"Orders\":{\"KELP\":null,\"RAINFOREST_RESIN\":[],\"SQUID_INK\":null},\"Conversion\":1,\"TraderData\":\"Hamish-Test\"}",
  "timestamp": 9300
}
{
  "sandboxLog": "Result delivered by Trader are not correct. Value is {\"Orders\":{\"KELP\":null,\"RAINFOREST_RESIN\":[],\"SQUID_INK\":null},\"Conversion\":1,\"TraderData\":\"Hamish-Test\"}",
  "lambdaLog": "Result delivered by Trader are not correct. Value is {\"Orders\":{\"KELP\":null,\"RAINFOREST_RESIN\":[],\"SQUID_INK\":null},\"Conversion\":1,\"TraderData\":\"Hamish-Test\"}",
  "timestamp": 9400
}
{
  "sandboxLog": "Result delivered by Trader are not correct. Value is {\"Orders\":{\"KELP\":null,\"RAINFOREST_RESIN\":[],\"SQUID_INK\":null},\"Conversion\":1,\"TraderData\":\"Hamish-Test\"}",
  "lambdaLog": "Result delivered by Trader are not correct. Value is {\"Orders\":{\"KELP\":null,\"RAINFOREST_RESIN\":[],\"SQUID_INK\":null},\"Conversion\":1,\"TraderData\":\"Hamish-Test\"}",
  "timestamp": 9500
}
{
  "sandboxLog": "Result delivered by Trader are not correct. Value is {\"Orders\":{\"KELP\":null,\"RAINFOREST_RESIN\":[],\"SQUID_INK\":null},\"Conversion\":1,\"TraderData\":\"Hamish-Test\"}",
  "lambdaLog": "Result delivered by Trader are not correct. Value is {\"Orders\":{\"KELP\":null,\"RAINFOREST_RESIN\":[],\"SQUID_INK\":null},\"Conversion\":1,\"TraderData\":\"Hamish-Test\"}",
  "timestamp": 9600
}
{
  "sandboxLog": "Result delivered by Trader are not correct. Value is {\"Orders\":{\"KELP\":null,\"RAINFOREST_RESIN\":[],\"SQUID_INK\":null},\"Conversion\":1,\"TraderData\":\"Hamish-Test\"}",
  "lambdaLog": "Result delivered by Trader are not correct. Value is {\"Orders\":{\"KELP\":null,\"RAINFOREST_RESIN\":[],\"SQUID_INK\":null},\"Conversion\":1,\"TraderData\":\"Hamish-Test\"}",
  "timestamp": 9700
}
{
  "sandboxLog": "Result delivered by Trader are not correct. Value is {\"Orders\":{\"KELP\":null,\"RAINFOREST_RESIN\":[],\"SQUID_INK\":null},\"Conversion\":1,\"TraderData\":\"Hamish-Test\"}",
  "lambdaLog": "Result delivered by Trader are not correct. Value is {\"Orders\":{\"KELP\":null,\"RAINFOREST_RESIN\":[],\"SQUID_INK\":null},\"Conversion\":1,\"TraderData\":\"Hamish-Test\"}",
  "timestamp": 9800
}
{
  "sandboxLog": "Result delivered by Trader are not correct. Value is {\"Orders\":{\"KELP\":null,\"RAINFOREST_RESIN\":[],\"SQUID_INK\":null},\"Conversion\":1,\"TraderData\":\"Hamish-Test\"}",
  "lambdaLog": "Result delivered by Trader are not correct. Value is {\"Orders\":{\"KELP\":null,\"RAINFOREST_RESIN\":[],\"SQUID_INK\":null},\"Conversion\":1,\"TraderData\":\"Hamish-Test\"}",
  "timestamp": 9900
}
{
  "sandboxLog": "Result delivered by Trader are not correct. Value is {\"Orders\":{\"KELP\":null,\"RAINFOREST_RESIN\":[],\"SQUID_INK\":null},\"Conversion\":1,\"TraderData\":\"Hamish-Test\"}",
  "lambdaLog": "Result delivered by Trader are not correct. Value is {\"Orders\":{\"KELP\":null,\"RAINFOREST_RESIN\":[],\"SQUID_INK\":null},\"Conversion\":1,\"TraderData\":\"Hamish-Test\"}",
  "timestamp": 10000
}
{
  "sandboxLog": "Result delivered by Trader are not correct. Value is {\"Orders\":{\"KELP\":null,\"RAINFOREST_RESIN\":[],\"SQUID_INK\":null},\"Conversion\":1,\"TraderData\":\"Hamish-Test\"}",
  "lambdaLog": "Result delivered by Trader are not correct. Value is {\"Orders\":{\"KELP\":null,\"RAINFOREST_RESIN\":[],\"SQUID_INK\":null},\"Conversion\":1,\"TraderData\":\"Hamish-Test\"}",
  "timestamp": 10100
}
{
  "sandboxLog": "Result delivered by Trader are not correct. Value is {\"Orders\":{\"KELP\":null,\"RAINFOREST_RESIN\":[],\"SQUID_INK\":null},\"Conversion\":1,\"TraderData\":\"Hamish-Test\"}",
  "lambdaLog": "Result delivered by Trader are not correct. Value is {\"Orders\":{\"KELP\":null,\"RAINFOREST_RESIN\":[],\"SQUID_INK\":null},\"Conversion\":1,\"TraderData\":\"Hamish-Test\"}",
  "timestamp": 10200
}
{
  "sandboxLog": "Result delivered by Trader are not correct. Value is {\"Orders\":{\"KELP\":null,\"RAINFOREST_RESIN\":[],\"SQUID_INK\":null},\"Conversion\":1,\"TraderData\":\"Hamish-Test\"}",
  "lambdaLog": "Result delivered by Trader are not correct. Value is {\"Orders\":{\"KELP\":null,\"RAINFOREST_RESIN\":[],\"SQUID_INK\":null},\"Conversion\":1,\"TraderData\":\"Hamish-Test\"}",
  "timestamp": 10300
}
{
  "sandboxLog": "Result delivered by Trader are not correct. Value is {\"Orders\":{\"KELP\":null,\"RAINFOREST_RESIN\":[],\"SQUID_INK\":null},\"Conversion\":1,\"TraderData\":\"Hamish-Test\"}",
  "lambdaLog": "Result delivered by Trader are not correct. Value is {\"Orders\":{\"KELP\":null,\"RAINFOREST_RESIN\":[],\"SQUID_INK\":null},\"Conversion\":1,\"TraderData\":\"Hamish-Test\"}",
  "timestamp": 10400
}
{
  "sandboxLog": "Result delivered by Trader are not correct. Value is {\"Orders\":{\"KELP\":null,\"RAINFOREST_RESIN\":[],\"SQUID_INK\":null},\"Conversion\":1,\"TraderData\":\"Hamish-Test\"}",
  "lambdaLog": "Result delivered by Trader are not correct. Value is {\"Orders\":{\"KELP\":null,\"RAINFOREST_RESIN\":[],\"SQUID_INK\":null},\"Conversion\":1,\"TraderData\":\"Hamish-Test\"}",
  "timestamp": 10500
}
{
  "sandboxLog": "Result delivered by Trader are not correct. Value is {\"Orders\":{\"KELP\":null,\"RAINFOREST_RESIN\":[],\"SQUID_INK\":null},\"Conversion\":1,\"TraderData\":\"Hamish-Test\"}",
  "lambdaLog": "Result delivered by Trader are not correct. Value is {\"Orders\":{\"KELP\":null,\"RAINFOREST_RESIN\":[],\"SQUID_INK\":null},\"Conversion\":1,\"TraderData\":\"Hamish-Test\"}",
  "timestamp": 10600
}
{
  "sandboxLog": "Result delivered by Trader are not correct. Value is {\"Orders\":{\"KELP\":null,\"RAINFOREST_RESIN\":[],\"SQUID_INK\":null},\"Conversion\":1,\"TraderData\":\"Hamish-Test\"}",
  "lambdaLog": "Result delivered by Trader are not correct. Value is {\"Orders\":{\"KELP\":null,\"RAINFOREST_RESIN\":[],\"SQUID_INK\":null},\"Conversion\":1,\"TraderData\":\"Hamish-Test\"}",
  "timestamp": 10700
}
{
  "sandboxLog": "Result delivered by Trader are not correct. Value is {\"Orders\":{\"KELP\":null,\"RAINFOREST_RESIN\":[],\"SQUID_INK\":null},\"Conversion\":1,\"TraderData\":\"Hamish-Test\"}",
  "lambdaLog": "Result delivered by Trader are not correct. Value is {\"Orders\":{\"KELP\":null,\"RAINFOREST_RESIN\":[],\"SQUID_INK\":null},\"Conversion\":1,\"TraderData\":\"Hamish-Test\"}",
  "timestamp": 10800
}
{
  "sandboxLog": "Result delivered by Trader are not correct. Value is {\"Orders\":{\"KELP\":null,\"RAINFOREST_RESIN\":[],\"SQUID_INK\":null},\"Conversion\":1,\"TraderData\":\"Hamish-Test\"}",
  "lambdaLog": "Result delivered by Trader are not correct. Value is {\"Orders\":{\"KELP\":null,\"RAINFOREST_RESIN\":[],\"SQUID_INK\":null},\"Conversion\":1,\"TraderData\":\"Hamish-Test\"}",
  "timestamp": 10900
}
{
  "sandboxLog": "Result delivered by Trader are not correct. Value is {\"Orders\":{\"KELP\":null,\"RAINFOREST_RESIN\":[],\"SQUID_INK\":null},\"Conversion\":1,\"TraderData\":\"Hamish-Test\"}",
  "lambdaLog": "Result delivered by Trader are not correct. Value is {\"Orders\":{\"KELP\":null,\"RAINFOREST_RESIN\":[],\"SQUID_INK\":null},\"Conversion\":1,\"TraderData\":\"Hamish-Test\"}",
  "timestamp": 11000
}
{
  "sandboxLog": "Result delivered by Trader are not correct. Value is {\"Orders\":{\"KELP\":null,\"RAINFOREST_RESIN\":[],\"SQUID_INK\":null},\"Conversion\":1,\"TraderData\":\"Hamish-Test\"}",
  "lambdaLog": "Result delivered by Trader are not correct. Value is {\"Orders\":{\"KELP\":null,\"RAINFOREST_RESIN\":[],\"SQUID_INK\":null},\"Conversion\":1,\"TraderData\":\"Hamish-Test\"}",
  "timestamp": 11100
}
{
  "sandboxLog": "Result delivered by Trader are not correct. Value is {\"Orders\":{\"KELP\":null,\"RAINFOREST_RESIN\":[],\"SQUID_INK\":null},\"Conversion\":1,\"TraderData\":\"Hamish-Test\"}",
  "lambdaLog": "Result delivered by Trader are not correct. Value is {\"Orders\":{\"KELP\":null,\"RAINFOREST_RESIN\":[],\"SQUID_INK\":null},\"Conversion\":1,\"TraderData\":\"Hamish-Test\"}",
  "timestamp": 11200
}
{
  "sandboxLog": "Result delivered by Trader are not correct. Value is {\"Orders\":{\"KELP\":null,\"RAINFOREST_RESIN\":[],\"SQUID_INK\":null},\"Conversion\":1,\"TraderData\":\"Hamish-Test\"}",
  "lambdaLog": "Result delivered by Trader are not correct. Value is {\"Orders\":{\"KELP\":null,\"RAINFOREST_RESIN\":[],\"SQUID_INK\":null},\"Conversion\":1,\"TraderData\":\"Hamish-Test\"}",
  "timestamp": 11300
}
{
  "sandboxLog": "Result delivered by Trader are not correct. Value is {\"Orders\":{\"KELP\":null,\"RAINFOREST_RESIN\":[],\"SQUID_INK\":null},\"Conversion\":1,\"TraderData\":\"Hamish-Test\"}",
  "lambdaLog": "Result delivered by Trader are not correct. Value is {\"Orders\":{\"KELP\":null,\"RAINFOREST_RESIN\":[],\"SQUID_INK\":null},\"Conversion\":1,\"TraderData\":\"Hamish-Test\"}",
  "timestamp": 11400
}
{
  "sandboxLog": "Result delivered by Trader are not correct. Value is {\"Orders\":{\"KELP\":null,\"RAINFOREST_RESIN\":[],\"SQUID_INK\":[]},\"Conversion\":1,\"TraderData\":\"Hamish-Test\"}",
  "lambdaLog": "Result delivered by Trader are not correct. Value is {\"Orders\":{\"KELP\":null,\"RAINFOREST_RESIN\":[],\"SQUID_INK\":[]},\"Conversion\":1,\"TraderData\":\"Hamish-Test\"}",
  "timestamp": 11500
}
{
  "sandboxLog": "Result delivered by Trader are not correct. Value is {\"Orders\":{\"KELP\":null,\"RAINFOREST_RESIN\":[],\"SQUID_INK\":[]},\"Conversion\":1,\"TraderData\":\"Hamish-Test\"}",
  "lambdaLog": "Result delivered by Trader are not correct. Value is {\"Orders\":{\"KELP\":null,\"RAINFOREST_RESIN\":[],\"SQUID_INK\":[]},\"Conversion\":1,\"TraderData\":\"Hamish-Test\"}",
  "timestamp": 11600
}
{
  "sandboxLog": "Result delivered by Trader are not correct. Value is {\"Orders\":{\"KELP\":null,\"RAINFOREST_RESIN\":[],\"SQUID_INK\":null},\"Conversion\":1,\"TraderData\":\"Hamish-Test\"}",
  "lambdaLog": "Result delivered by Trader are not correct. Value is {\"Orders\":{\"KELP\":null,\"RAINFOREST_RESIN\":[],\"SQUID_INK\":null},\"Conversion\":1,\"TraderData\":\"Hamish-Test\"}",
  "timestamp": 11700
}
{
  "sandboxLog": "Result delivered by Trader are not correct. Value is {\"Orders\":{\"KELP\":null,\"RAINFOREST_RESIN\":[],\"SQUID_INK\":null},\"Conversion\":1,\"TraderData\":\"Hamish-Test\"}",
  "lambdaLog": "Result delivered by Trader are not correct. Value is {\"Orders\":{\"KELP\":null,\"RAINFOREST_RESIN\":[],\"SQUID_INK\":null},\"Conversion\":1,\"TraderData\":\"Hamish-Test\"}",
  "timestamp": 11800
}
{
  "sandboxLog": "Result delivered by Trader are not correct. Value is {\"Orders\":{\"KELP\":null,\"RAINFOREST_RESIN\":[],\"SQUID_INK\":null},\"Conversion\":1,\"TraderData\":\"Hamish-Test\"}",
  "lambdaLog": "Result delivered by Trader are not correct. Value is {\"Orders\":{\"KELP\":null,\"RAINFOREST_RESIN\":[],\"SQUID_INK\":null},\"Conversion\":1,\"TraderData\":\"Hamish-Test\"}",
  "timestamp": 11900
}
{
  "sandboxLog": "Result delivered by Trader are not correct. Value is {\"Orders\":{\"KELP\":null,\"RAINFOREST_RESIN\":[],\"SQUID_INK\":null},\"Conversion\":1,\"TraderData\":\"Hamish-Test\"}",
  "lambdaLog": "Result delivered by Trader are not correct. Value is {\"Orders\":{\"KELP\":null,\"RAINFOREST_RESIN\":[],\"SQUID_INK\":null},\"Conversion\":1,\"TraderData\":\"Hamish-Test\"}",
  "timestamp": 12000
}
{
  "sandboxLog": "Result delivered by Trader are not correct. Value is {\"Orders\":{\"KELP\":null,\"RAINFOREST_RESIN\":[],\"SQUID_INK\":null},\"Conversion\":1,\"TraderData\":\"Hamish-Test\"}",
  "lambdaLog": "Result delivered by Trader are not correct. Value is {\"Orders\":{\"KELP\":null,\"RAINFOREST_RESIN\":[],\"SQUID_INK\":null},\"Conversion\":1,\"TraderData\":\"Hamish-Test\"}",
  "timestamp": 12100
}
{
  "sandboxLog": "Result delivered by Trader are not correct. Value is {\"Orders\":{\"KELP\":null,\"RAINFOREST_RESIN\":[],\"SQUID_INK\":null},\"Conversion\":1,\"TraderData\":\"Hamish-Test\"}",
  "lambdaLog": "Result delivered by Trader are not correct. Value is {\"Orders\":{\"KELP\":null,\"RAINFOREST_RESIN\":[],\"SQUID_INK\":null},\"Conversion\":1,\"TraderData\":\"Hamish-Test\"}",
  "timestamp": 12200
}
{
  "sandboxLog": "Result delivered by Trader are not correct. Value is {\"Orders\":{\"KELP\":null,\"RAINFOREST_RESIN\":[],\"SQUID_INK\":[{\"symbol\":\"SQUID_INK\",\"price\":1981,\"quantity\":25}]},\"Conversion\":1,\"TraderData\":\"Hamish-Test\"}",
  "lambdaLog": "Result delivered by Trader are not correct. Value is {\"Orders\":{\"KELP\":null,\"RAINFOREST_RESIN\":[],\"SQUID_INK\":[{\"symbol\":\"SQUID_INK\",\"price\":1981,\"quantity\":25}]},\"Conversion\":1,\"TraderData\":\"Hamish-Test\"}",
  "timestamp": 12300
}
{
  "sandboxLog": "Result delivered by Trader are not correct. Value is {\"Orders\":{\"KELP\":null,\"RAINFOREST_RESIN\":[],\"SQUID_INK\":[{\"symbol\":\"SQUID_INK\",\"price\":1981,\"quantity\":25}]},\"Conversion\":1,\"TraderData\":\"Hamish-Test\"}",
  "lambdaLog": "Result delivered by Trader are not correct. Value is {\"Orders\":{\"KELP\":null,\"RAINFOREST_RESIN\":[],\"SQUID_INK\":[{\"symbol\":\"SQUID_INK\",\"price\":1981,\"quantity\":25}]},\"Conversion\":1,\"TraderData\":\"Hamish-Test\"}",
  "timestamp": 12400
}
{
  "sandboxLog": "Result delivered by Trader are not correct. Value is {\"Orders\":{\"KELP\":null,\"RAINFOREST_RESIN\":[],\"SQUID_INK\":[{\"symbol\":\"SQUID_INK\",\"price\":1981,\"quantity\":25}]},\"Conversion\":1,\"TraderData\":\"Hamish-Test\"}",
  "lambdaLog": "Result delivered by Trader are not correct. Value is {\"Orders\":{\"KELP\":null,\"RAINFOREST_RESIN\":[],\"SQUID_INK\":[{\"symbol\":\"SQUID_INK\",\"price\":1981,\"quantity\":25}]},\"Conversion\":1,\"TraderData\":\"Hamish-Test\"}",
  "timestamp": 12500
}
{
  "sandboxLog": "Result delivered by Trader are not correct. Value is {\"Orders\":{\"KELP\":null,\"RAINFOREST_RESIN\":[],\"SQUID_INK\":[{\"symbol\":\"SQUID_INK\",\"price\":1981,\"quantity\":25}]},\"Conversion\":1,\"TraderData\":\"Hamish-Test\"}",
  "lambdaLog": "Result delivered by Trader are not correct. Value is {\"Orders\":{\"KELP\":null,\"RAINFOREST_RESIN\":[],\"SQUID_INK\":[{\"symbol\":\"SQUID_INK\",\"price\":1981,\"quantity\":25}]},\"Conversion\":1,\"TraderData\":\"Hamish-Test\"}",
  "timestamp": 12600
}
{
  "sandboxLog": "Result delivered by Trader are not correct. Value is {\"Orders\":{\"KELP\":null,\"RAINFOREST_RESIN\":[],\"SQUID_INK\":[{\"symbol\":\"SQUID_INK\",\"price\":1981,\"quantity\":25}]},\"Conversion\":1,\"TraderData\":\"Hamish-Test\"}",
  "lambdaLog": "Result delivered by Trader are not correct. Value is {\"Orders\":{\"KELP\":null,\"RAINFOREST_RESIN\":[],\"SQUID_INK\":[{\"symbol\":\"SQUID_INK\",\"price\":1981,\"quantity\":25}]},\"Conversion\":1,\"TraderData\":\"Hamish-Test\"}",
  "timestamp": 12700
}
{
  "sandboxLog": "Result delivered by Trader are not correct. Value is {\"Orders\":{\"KELP\":null,\"RAINFOREST_RESIN\":[],\"SQUID_INK\":[{\"symbol\":\"SQUID_INK\",\"price\":1981,\"quantity\":25}]},\"Conversion\":1,\"TraderData\":\"Hamish-Test\"}",
  "lambdaLog": "Result delivered by Trader are not correct. Value is {\"Orders\":{\"KELP\":null,\"RAINFOREST_RESIN\":[],\"SQUID_INK\":[{\"symbol\":\"SQUID_INK\",\"price\":1981,\"quantity\":25}]},\"Conversion\":1,\"TraderData\":\"Hamish-Test\"}",
  "timestamp": 12800
}
{
  "sandboxLog": "Result delivered by Trader are not correct. Value is {\"Orders\":{\"KELP\":null,\"RAINFOREST_RESIN\":[],\"SQUID_INK\":[{\"symbol\":\"SQUID_INK\",\"price\":1981,\"quantity\":25}]},\"Conversion\":1,\"TraderData\":\"Hamish-Test\"}",
  "lambdaLog": "Result delivered by Trader are not correct. Value is {\"Orders\":{\"KELP\":null,\"RAINFOREST_RESIN\":[],\"SQUID_INK\":[{\"symbol\":\"SQUID_INK\",\"price\":1981,\"quantity\":25}]},\"Conversion\":1,\"TraderData\":\"Hamish-Test\"}",
  "timestamp": 12900
}
{
  "sandboxLog": "Result delivered by Trader are not correct. Value is {\"Orders\":{\"KELP\":null,\"RAINFOREST_RESIN\":[],\"SQUID_INK\":null},\"Conversion\":1,\"TraderData\":\"Hamish-Test\"}",
  "lambdaLog": "Result delivered by Trader are not correct. Value is {\"Orders\":{\"KELP\":null,\"RAINFOREST_RESIN\":[],\"SQUID_INK\":null},\"Conversion\":1,\"TraderData\":\"Hamish-Test\"}",
  "timestamp": 13000
}
{
  "sandboxLog": "Result delivered by Trader are not correct. Value is {\"Orders\":{\"KELP\":null,\"RAINFOREST_RESIN\":[],\"SQUID_INK\":null},\"Conversion\":1,\"TraderData\":\"Hamish-Test\"}",
  "lambdaLog": "Result delivered by Trader are not correct. Value is {\"Orders\":{\"KELP\":null,\"RAINFOREST_RESIN\":[],\"SQUID_INK\":null},\"Conversion\":1,\"TraderData\":\"Hamish-Test\"}",
  "timestamp": 13100
}
{
  "sandboxLog": "Result delivered by Trader are not correct. Value is {\"Orders\":{\"KELP\":null,\"RAINFOREST_RESIN\":[],\"SQUID_INK\":null},\"Conversion\":1,\"TraderData\":\"Hamish-Test\"}",
  "lambdaLog": "Result delivered by Trader are not correct. Value is {\"Orders\":{\"KELP\":null,\"RAINFOREST_RESIN\":[],\"SQUID_INK\":null},\"Conversion\":1,\"TraderData\":\"Hamish-Test\"}",
  "timestamp": 13200
}
{
  "sandboxLog": "Result delivered by Trader are not correct. Value is {\"Orders\":{\"KELP\":null,\"RAINFOREST_RESIN\":[],\"SQUID_INK\":null},\"Conversion\":1,\"TraderData\":\"Hamish-Test\"}",
  "lambdaLog": "Result delivered by Trader are not correct. Value is {\"Orders\":{\"KELP\":null,\"RAINFOREST_RESIN\":[],\"SQUID_INK\":null},\"Conversion\":1,\"TraderData\":\"Hamish-Test\"}",
  "timestamp": 13300
}
{
  "sandboxLog": "Result delivered by Trader are not correct. Value is {\"Orders\":{\"KELP\":null,\"RAINFOREST_RESIN\":[],\"SQUID_INK\":null},\"Conversion\":1,\"TraderData\":\"Hamish-Test\"}",
  "lambdaLog": "Result delivered by Trader are not correct. Value is {\"Orders\":{\"KELP\":null,\"RAINFOREST_RESIN\":[],\"SQUID_INK\":null},\"Conversion\":1,\"TraderData\":\"Hamish-Test\"}",
  "timestamp": 13400
}
{
  "sandboxLog": "Result delivered by Trader are not correct. Value is {\"Orders\":{\"KELP\":null,\"RAINFOREST_RESIN\":[],\"SQUID_INK\":null},\"Conversion\":1,\"TraderData\":\"Hamish-Test\"}",
  "lambdaLog": "Result delivered by Trader are not correct. Value is {\"Orders\":{\"KELP\":null,\"RAINFOREST_RESIN\":[],\"SQUID_INK\":null},\"Conversion\":1,\"TraderData\":\"Hamish-Test\"}",
  "timestamp": 13500
}
{
  "sandboxLog": "Result delivered by Trader are not correct. Value is {\"Orders\":{\"KELP\":null,\"RAINFOREST_RESIN\":[],\"SQUID_INK\":null},\"Conversion\":1,\"TraderData\":\"Hamish-Test\"}",
  "lambdaLog": "Result delivered by Trader are not correct. Value is {\"Orders\":{\"KELP\":null,\"RAINFOREST_RESIN\":[],\"SQUID_INK\":null},\"Conversion\":1,\"TraderData\":\"Hamish-Test\"}",
  "timestamp": 13600
}
{
  "sandboxLog": "Result delivered by Trader are not correct. Value is {\"Orders\":{\"KELP\":null,\"RAINFOREST_RESIN\":[],\"SQUID_INK\":null},\"Conversion\":1,\"TraderData\":\"Hamish-Test\"}",
  "lambdaLog": "Result delivered by Trader are not correct. Value is {\"Orders\":{\"KELP\":null,\"RAINFOREST_RESIN\":[],\"SQUID_INK\":null},\"Conversion\":1,\"TraderData\":\"Hamish-Test\"}",
  "timestamp": 13700
}
{
  "sandboxLog": "Result delivered by Trader are not correct. Value is {\"Orders\":{\"KELP\":null,\"RAINFOREST_RESIN\":[],\"SQUID_INK\":null},\"Conversion\":1,\"TraderData\":\"Hamish-Test\"}",
  "lambdaLog": "Result delivered by Trader are not correct. Value is {\"Orders\":{\"KELP\":null,\"RAINFOREST_RESIN\":[],\"SQUID_INK\":null},\"Conversion\":1,\"TraderData\":\"Hamish-Test\"}",
  "timestamp": 13800
}
{
  "sandboxLog": "Result delivered by Trader are not correct. Value is {\"Orders\":{\"KELP\":null,\"RAINFOREST_RESIN\":[],\"SQUID_INK\":null},\"Conversion\":1,\"TraderData\":\"Hamish-Test\"}",
  "lambdaLog": "Result delivered by Trader are not correct. Value is {\"Orders\":{\"KELP\":null,\"RAINFOREST_RESIN\":[],\"SQUID_INK\":null},\"Conversion\":1,\"TraderData\":\"Hamish-Test\"}",
  "timestamp": 13900
}
{
  "sandboxLog": "Result delivered by Trader are not correct. Value is {\"Orders\":{\"KELP\":null,\"RAINFOREST_RESIN\":[],\"SQUID_INK\":null},\"Conversion\":1,\"TraderData\":\"Hamish-Test\"}",
  "lambdaLog": "Result delivered by Trader are not correct. Value is {\"Orders\":{\"KELP\":null,\"RAINFOREST_RESIN\":[],\"SQUID_INK\":null},\"Conversion\":1,\"TraderData\":\"Hamish-Test\"}",
  "timestamp": 14000
}
{
  "sandboxLog": "Result delivered by Trader are not correct. Value is {\"Orders\":{\"KELP\":null,\"RAINFOREST_RESIN\":[],\"SQUID_INK\":null},\"Conversion\":1,\"TraderData\":\"Hamish-Test\"}",
  "lambdaLog": "Result delivered by Trader are not correct. Value is {\"Orders\":{\"KELP\":null,\"RAINFOREST_RESIN\":[],\"SQUID_INK\":null},\"Conversion\":1,\"TraderData\":\"Hamish-Test\"}",
  "timestamp": 14100
}
{
  "sandboxLog": "Result delivered by Trader are not correct. Value is {\"Orders\":{\"KELP\":null,\"RAINFOREST_RESIN\":[],\"SQUID_INK\":null},\"Conversion\":1,\"TraderData\":\"Hamish-Test\"}",
  "lambdaLog": "Result delivered by Trader are not correct. Value is {\"Orders\":{\"KELP\":null,\"RAINFOREST_RESIN\":[],\"SQUID_INK\":null},\"Conversion\":1,\"TraderData\":\"Hamish-Test\"}",
  "timestamp": 14200
}
{
  "sandboxLog": "Result delivered by Trader are not correct. Value is {\"Orders\":{\"KELP\":null,\"RAINFOREST_RESIN\":[],\"SQUID_INK\":null},\"Conversion\":1,\"TraderData\":\"Hamish-Test\"}",
  "lambdaLog": "Result delivered by Trader are not correct. Value is {\"Orders\":{\"KELP\":null,\"RAINFOREST_RESIN\":[],\"SQUID_INK\":null},\"Conversion\":1,\"TraderData\":\"Hamish-Test\"}",
  "timestamp": 14300
}
{
  "sandboxLog": "Result delivered by Trader are not correct. Value is {\"Orders\":{\"KELP\":null,\"RAINFOREST_RESIN\":[],\"SQUID_INK\":null},\"Conversion\":1,\"TraderData\":\"Hamish-Test\"}",
  "lambdaLog": "Result delivered by Trader are not correct. Value is {\"Orders\":{\"KELP\":null,\"RAINFOREST_RESIN\":[],\"SQUID_INK\":null},\"Conversion\":1,\"TraderData\":\"Hamish-Test\"}",
  "timestamp": 14400
}
{
  "sandboxLog": "Result delivered by Trader are not correct. Value is {\"Orders\":{\"KELP\":null,\"RAINFOREST_RESIN\":[],\"SQUID_INK\":null},\"Conversion\":1,\"TraderData\":\"Hamish-Test\"}",
  "lambdaLog": "Result delivered by Trader are not correct. Value is {\"Orders\":{\"KELP\":null,\"RAINFOREST_RESIN\":[],\"SQUID_INK\":null},\"Conversion\":1,\"TraderData\":\"Hamish-Test\"}",
  "timestamp": 14500
}
{
  "sandboxLog": "Result delivered by Trader are not correct. Value is {\"Orders\":{\"KELP\":null,\"RAINFOREST_RESIN\":[],\"SQUID_INK\":null},\"Conversion\":1,\"TraderData\":\"Hamish-Test\"}",
  "lambdaLog": "Result delivered by Trader are not correct. Value is {\"Orders\":{\"KELP\":null,\"RAINFOREST_RESIN\":[],\"SQUID_INK\":null},\"Conversion\":1,\"TraderData\":\"Hamish-Test\"}",
  "timestamp": 14600
}
{
  "sandboxLog": "Result delivered by Trader are not correct. Value is {\"Orders\":{\"KELP\":null,\"RAINFOREST_RESIN\":[],\"SQUID_INK\":null},\"Conversion\":1,\"TraderData\":\"Hamish-Test\"}",
  "lambdaLog": "Result delivered by Trader are not correct. Value is {\"Orders\":{\"KELP\":null,\"RAINFOREST_RESIN\":[],\"SQUID_INK\":null},\"Conversion\":1,\"TraderData\":\"Hamish-Test\"}",
  "timestamp": 14700
}
{
  "sandboxLog": "Result delivered by Trader are not correct. Value is {\"Orders\":{\"KELP\":null,\"RAINFOREST_RESIN\":[],\"SQUID_INK\":null},\"Conversion\":1,\"TraderData\":\"Hamish-Test\"}",
  "lambdaLog": "Result delivered by Trader are not correct. Value is {\"Orders\":{\"KELP\":null,\"RAINFOREST_RESIN\":[],\"SQUID_INK\":null},\"Conversion\":1,\"TraderData\":\"Hamish-Test\"}",
  "timestamp": 14800
}
{
  "sandboxLog": "Result delivered by Trader are not correct. Value is {\"Orders\":{\"KELP\":null,\"RAINFOREST_RESIN\":[],\"SQUID_INK\":null},\"Conversion\":1,\"TraderData\":\"Hamish-Test\"}",
  "lambdaLog": "Result delivered by Trader are not correct. Value is {\"Orders\":{\"KELP\":null,\"RAINFOREST_RESIN\":[],\"SQUID_INK\":null},\"Conversion\":1,\"TraderData\":\"Hamish-Test\"}",
  "timestamp": 14900
}
{
  "sandboxLog": "Lambda errors have reached maximum value for submission adfddd8c-dd98-49e9-aeaf-87146db4bc11",
  "lambdaLog": null,
  "timestamp": 173735
}



Activities log:
day;timestamp;product;bid_price_1;bid_volume_1;bid_price_2;bid_volume_2;bid_price_3;bid_volume_3;ask_price_1;ask_volume_1;ask_price_2;ask_volume_2;ask_price_3;ask_volume_3;mid_price;profit_and_loss
0;0;RAINFOREST_RESIN;9998;9;9995;23;;;10005;23;;;;;10001.5;0.0
0;0;KELP;2028;23;;;;;2032;23;;;;;2030.0;0.0
0;0;SQUID_INK;1968;23;;;;;1971;23;;;;;1969.5;0.0
0;100;SQUID_INK;1970;1;1969;2;1967;22;1971;22;;;;;1970.5;0.0
0;100;KELP;2031;1;2030;2;2028;22;2032;22;;;;;2031.5;0.0
0;100;RAINFOREST_RESIN;10002;1;10000;2;9998;4;10004;1;10005;21;;;10003.0;0.0
0;200;SQUID_INK;1966;1;1965;21;;;1969;22;;;;;1967.5;0.0
0;200;RAINFOREST_RESIN;9996;1;9995;21;;;10004;1;10005;21;;;10000.0;2.0
0;200;KELP;2029;1;2028;21;;;2032;22;;;;;2030.5;0.0
0;300;SQUID_INK;1967;1;1965;26;;;1968;26;;;;;1967.5;0.0
0;300;KELP;2031;1;2029;26;;;2032;26;;;;;2031.5;0.0
0;300;RAINFOREST_RESIN;9995;26;;;;;10005;26;;;;;10000.0;2.0
0;400;RAINFOREST_RESIN;9998;8;9996;2;9995;26;10004;2;10005;26;;;10001.0;2.0
0;400;KELP;2029;2;2028;26;;;2032;28;;;;;2030.5;0.0
0;400;SQUID_INK;1966;28;;;;;1969;28;;;;;1967.5;0.0
0;500;SQUID_INK;1966;24;;;;;1968;3;1970;24;;;1967.0;0.0
0;500;KELP;2028;24;;;;;2030;3;2031;24;;;2029.0;0.0
0;500;RAINFOREST_RESIN;9998;8;9996;1;9995;23;10004;1;10005;23;;;10001.0;2.0
0;600;SQUID_INK;1967;5;1965;30;;;1968;30;;;;;1967.5;0.0
0;600;RAINFOREST_RESIN;9996;2;9995;28;;;10004;2;10005;28;;;10000.0;2.0
0;600;KELP;2030;5;2028;30;;;2031;30;;;;;2030.5;0.0
0;700;SQUID_INK;1967;22;;;;;1970;23;;;;;1968.5;0.0
0;700;KELP;2028;22;;;;;2032;23;;;;;2030.0;0.0
0;700;RAINFOREST_RESIN;9996;1;9995;22;;;10004;1;10005;22;;;10000.0;2.0
0;800;RAINFOREST_RESIN;9996;1;9995;24;;;10000;3;10004;1;10005;24;9998.0;2.0
0;800;KELP;2028;25;;;;;2030;3;2032;25;;;2029.0;0.0
0;800;SQUID_INK;1967;25;;;;;1968;3;1970;25;;;1967.5;0.0
0;900;SQUID_INK;1966;21;;;;;1970;21;;;;;1968.0;0.0
0;900;KELP;2029;21;;;;;2032;21;;;;;2030.5;0.0
0;900;RAINFOREST_RESIN;9996;1;9995;20;;;9998;11;10004;1;10005;20;9997.0;2.0
0;1000;SQUID_INK;1967;31;;;;;1970;31;;;;;1968.5;0.0
0;1000;RAINFOREST_RESIN;9996;1;9995;30;;;10004;1;10005;30;;;10000.0;24.0
0;1000;KELP;2029;31;;;;;2032;31;;;;;2030.5;0.0
0;1100;SQUID_INK;1968;22;;;;;1971;22;;;;;1969.5;0.0
0;1100;KELP;2029;22;;;;;2032;22;;;;;2030.5;0.0
0;1100;RAINFOREST_RESIN;9996;1;9995;21;;;10002;6;10004;1;10005;21;9999.0;24.0
0;1200;RAINFOREST_RESIN;9996;1;9995;22;;;10004;1;10005;22;;;10000.0;24.0
0;1200;KELP;2029;22;;;;;2033;23;;;;;2031.0;0.0
0;1200;SQUID_INK;1968;22;;;;;1971;23;;;;;1969.5;0.0
0;1300;SQUID_INK;1968;25;;;;;1971;25;;;;;1969.5;0.0
0;1300;KELP;2029;25;;;;;2033;25;;;;;2031.0;0.0
0;1300;RAINFOREST_RESIN;10002;1;9995;25;;;10005;25;;;;;10003.5;24.0
0;1400;SQUID_INK;1968;23;;;;;1970;6;1972;23;;;1969.0;0.0
0;1400;RAINFOREST_RESIN;9995;23;;;;;10000;6;10005;23;;;9997.5;26.0
0;1400;KELP;2029;23;;;;;2030;6;2033;23;;;2029.5;0.0
0;1500;SQUID_INK;1971;1;1969;21;;;1972;21;;;;;1971.5;0.0
0;1500;KELP;2032;1;2029;21;;;2033;21;;;;;2032.5;0.0
0;1500;RAINFOREST_RESIN;9996;1;9995;20;;;9998;4;10004;1;10005;20;9997.0;26.0
0;1600;RAINFOREST_RESIN;9996;2;9995;28;;;10004;2;10005;28;;;10000.0;34.0
0;1600;KELP;2029;30;;;;;2033;30;;;;;2031.0;0.0
0;1600;SQUID_INK;1970;30;;;;;1974;30;;;;;1972.0;0.0
0;1700;SQUID_INK;1970;28;;;;;1972;8;1973;28;;;1971.0;0.0
0;1700;KELP;2029;28;;;;;2031;8;2033;28;;;2030.0;0.0
0;1700;RAINFOREST_RESIN;9995;28;;;;;10005;28;;;;;10000.0;34.0
0;1800;SQUID_INK;1972;4;1971;23;;;1974;23;;;;;1973.0;0.0
0;1800;RAINFOREST_RESIN;10000;4;9995;23;;;10002;10;10005;23;;;10001.0;34.0
0;1800;KELP;2031;4;2029;23;;;2033;23;;;;;2032.0;0.0
0;1900;SQUID_INK;1969;31;;;;;1972;32;;;;;1970.5;0.0
0;1900;KELP;2030;31;;;;;2033;32;;;;;2031.5;0.0
0;1900;RAINFOREST_RESIN;9996;2;9995;30;;;10004;2;10005;30;;;10000.0;34.0
0;2000;RAINFOREST_RESIN;9996;2;9995;21;;;10004;2;10005;21;;;10000.0;34.0
0;2000;KELP;2030;23;;;;;2033;23;;;;;2031.5;0.0
0;2000;SQUID_INK;1972;23;;;;;1975;23;;;;;1973.5;0.0
0;2100;KELP;2030;28;;;;;2032;5;2033;2;2034;26;2031.0;0.0
0;2100;SQUID_INK;1971;28;;;;;1972;5;1974;28;;;1971.5;0.0
0;2100;RAINFOREST_RESIN;9996;2;9995;26;;;10004;2;10005;26;;;10000.0;34.0
0;2200;KELP;2031;4;2030;21;;;2034;21;;;;;2032.5;0.0
0;2200;SQUID_INK;1972;5;1971;20;;;1975;21;;;;;1973.5;0.0
0;2200;RAINFOREST_RESIN;9996;1;9995;20;;;9998;4;10004;1;10005;20;9997.0;34.0
0;2300;SQUID_INK;1972;5;1971;24;;;1975;24;;;;;1973.5;0.0
0;2300;RAINFOREST_RESIN;9996;2;9995;22;;;10004;2;10005;22;;;10000.0;42.0
0;2300;KELP;2030;29;;;;;2033;24;;;;;2031.5;0.0
0;2400;RAINFOREST_RESIN;9996;2;9995;20;;;10004;2;10005;20;;;10000.0;42.0
0;2400;KELP;2030;22;;;;;2033;22;;;;;2031.5;0.0
0;2400;SQUID_INK;1973;22;;;;;1976;22;;;;;1974.5;0.0
0;2500;KELP;2030;23;;;;;2033;2;2034;21;;;2031.5;0.0
0;2500;SQUID_INK;1973;2;1972;21;;;1976;23;;;;;1974.5;0.0
0;2500;RAINFOREST_RESIN;9998;3;9996;2;9995;21;10004;2;10005;21;;;10001.0;42.0
0;2600;KELP;2030;30;;;;;2034;30;;;;;2032.0;0.0
0;2600;SQUID_INK;1972;30;;;;;1975;1;1976;29;;;1973.5;0.0
0;2600;RAINFOREST_RESIN;10002;1;9996;1;9995;29;10004;1;10005;29;;;10003.0;42.0
0;2700;SQUID_INK;1972;30;;;;;1975;23;;;;;1973.5;0.0
0;2700;RAINFOREST_RESIN;9998;7;9996;2;9995;21;10004;2;10005;21;;;10001.0;44.0
0;2700;KELP;2031;7;2030;23;;;2033;2;2034;21;;;2032.0;0.0
0;2800;RAINFOREST_RESIN;9995;27;;;;;10005;27;;;;;10000.0;44.0
0;2800;KELP;2030;27;;;;;2034;27;;;;;2032.0;0.0
0;2800;SQUID_INK;1971;27;;;;;1975;27;;;;;1973.0;0.0
0;2900;KELP;2030;22;;;;;2034;22;;;;;2032.0;0.0
0;2900;SQUID_INK;1972;2;1971;20;;;1975;22;;;;;1973.5;0.0
0;2900;RAINFOREST_RESIN;9996;2;9995;20;;;10004;2;10005;20;;;10000.0;44.0
0;3000;KELP;2032;1;2031;5;2030;30;2034;30;;;;;2033.0;0.0
0;3000;SQUID_INK;1974;1;1972;35;;;1975;30;;;;;1974.5;0.0
0;3000;RAINFOREST_RESIN;9996;1;9995;29;;;10004;1;10005;29;;;10000.0;44.0
0;3100;SQUID_INK;1971;28;;;;;1975;28;;;;;1973.0;0.0
0;3100;RAINFOREST_RESIN;9998;5;9996;1;9995;27;10004;1;10005;27;;;10001.0;44.0
0;3100;KELP;2031;28;;;;;2034;28;;;;;2032.5;0.0
0;3200;RAINFOREST_RESIN;10002;2;9995;24;;;10005;24;;;;;10003.5;44.0
0;3200;KELP;2030;24;;;;;2032;5;2034;24;;;2031.0;0.0
0;3200;SQUID_INK;1971;24;;;;;1973;5;1975;24;;;1972.0;0.0
0;3300;KELP;2031;25;;;;;2034;25;;;;;2032.5;0.0
0;3300;SQUID_INK;1971;25;;;;;1975;25;;;;;1973.0;0.0
0;3300;RAINFOREST_RESIN;10002;1;9996;1;9995;24;10004;1;10005;24;;;10003.0;48.0
0;3400;KELP;2030;29;;;;;2034;29;;;;;2032.0;0.0
0;3400;SQUID_INK;1971;29;;;;;1974;29;;;;;1972.5;0.0
0;3400;RAINFOREST_RESIN;9998;10;9996;2;9995;27;10004;2;10005;27;;;10001.0;50.0
0;3500;SQUID_INK;1971;26;;;;;1975;26;;;;;1973.0;0.0
0;3500;RAINFOREST_RESIN;9995;26;;;;;10002;10;10005;26;;;9998.5;50.0
0;3500;KELP;2031;26;;;;;2034;26;;;;;2032.5;0.0
0;3600;RAINFOREST_RESIN;9995;27;;;;;10002;8;10005;27;;;9998.5;50.0
0;3600;KELP;2031;27;;;;;2034;27;;;;;2032.5;0.0
0;3600;SQUID_INK;1971;27;;;;;1974;27;;;;;1972.5;0.0
0;3700;KELP;2030;25;;;;;2034;25;;;;;2032.0;0.0
0;3700;RAINFOREST_RESIN;9998;3;9995;25;;;10005;25;;;;;10001.5;50.0
0;3700;SQUID_INK;1971;25;;;;;1974;25;;;;;1972.5;0.0
0;3800;KELP;2030;24;;;;;2032;7;2033;24;;;2031.0;0.0
0;3800;SQUID_INK;1971;24;;;;;1973;7;1974;24;;;1972.0;0.0
0;3800;RAINFOREST_RESIN;9995;24;;;;;10005;24;;;;;10000.0;50.0
0;3900;RAINFOREST_RESIN;9996;2;9995;24;;;10004;2;10005;24;;;10000.0;50.0
0;3900;SQUID_INK;1970;27;;;;;1973;26;;;;;1971.5;0.0
0;3900;KELP;2030;27;;;;;2033;26;;;;;2031.5;0.0
0;4000;RAINFOREST_RESIN;10002;1;9996;1;9995;30;10004;1;10005;30;;;10003.0;50.0
0;4000;KELP;2030;30;;;;;2033;31;;;;;2031.5;0.0
0;4000;SQUID_INK;1970;30;;;;;1973;31;;;;;1971.5;0.0
0;4100;KELP;2031;5;2030;24;;;2033;24;;;;;2032.0;0.0
0;4100;RAINFOREST_RESIN;10000;5;9996;2;9995;22;10002;4;10004;2;10005;22;10001.0;52.0
0;4100;SQUID_INK;1974;5;1973;2;1972;22;1976;24;;;;;1975.0;0.0
0;4200;SQUID_INK;1971;29;;;;;1973;7;1974;29;;;1972.0;0.0
0;4200;KELP;2030;29;;;;;2032;7;2033;29;;;2031.0;0.0
0;4200;RAINFOREST_RESIN;10002;5;9996;1;9995;28;10004;1;10005;28;;;10003.0;52.0
0;4300;RAINFOREST_RESIN;9995;26;;;;;10002;8;10005;26;;;9998.5;62.0
0;4300;SQUID_INK;1970;24;;;;;1973;26;;;;;1971.5;0.0
0;4300;KELP;2030;24;;;;;2033;26;;;;;2031.5;0.0
0;4400;RAINFOREST_RESIN;9995;28;;;;;10005;28;;;;;10000.0;62.0
0;4400;SQUID_INK;1970;28;;;;;1974;28;;;;;1972.0;0.0
0;4400;KELP;2030;28;;;;;2033;28;;;;;2031.5;0.0
0;4500;KELP;2029;26;;;;;2031;8;2033;26;;;2030.0;0.0
0;4500;RAINFOREST_RESIN;9995;26;;;;;10005;26;;;;;10000.0;62.0
0;4500;SQUID_INK;1971;26;;;;;1973;8;1975;26;;;1972.0;0.0
0;4600;SQUID_INK;1970;21;;;;;1972;3;1974;21;;;1971.0;0.0
0;4600;KELP;2029;21;;;;;2031;3;2033;21;;;2030.0;0.0
0;4600;RAINFOREST_RESIN;9995;21;;;;;10005;21;;;;;10000.0;62.0
0;4700;RAINFOREST_RESIN;9998;5;9995;26;;;10005;26;;;;;10001.5;62.0
0;4700;SQUID_INK;1970;26;;;;;1974;26;;;;;1972.0;0.0
0;4700;KELP;2029;26;;;;;2032;26;;;;;2030.5;0.0
0;4800;RAINFOREST_RESIN;9996;1;9995;22;;;10004;1;10005;22;;;10000.0;62.0
0;4800;SQUID_INK;1973;1;1971;30;;;1974;23;;;;;1973.5;0.0
0;4800;KELP;2031;1;2029;30;;;2032;23;;;;;2031.5;0.0




Trade History:
null